<?xml version="1.0" encoding="UTF-8"?>
<testsuite xmlns:xsi="http://www.w3.org/2001/XMLSchema-instance" xsi:noNamespaceSchemaLocation="https://maven.apache.org/surefire/maven-surefire-plugin/xsd/surefire-test-report-3.0.xsd" version="3.0" name="cucumber.Options.TestRunner" time="13.14" tests="2" errors="0" skipped="0" failures="0">
  <properties>
[...]
</properties>
  <testcase name="Verify if Place is being Succesfully added using AddPlaceAPI" classname="Validating Place API&apos;s" time="8.841">
    <system-out><![CDATA[
@AddPlace @Regression
Scenario Outline: Verify if Place is being Succesfully added using AddPlaceAPI &amp#27;[90m# src/test/java/features/placeValidations.feature:13&amp#27;[0m
  &amp#27;[32mGiven &amp#27;[0m&amp#27;[32mAdd Place Payload with &amp#27;[0m&amp#27;[32m&amp#27;[1m"AAhouse"&amp#27;[0m&amp#27;[32m  &amp#27;[0m&amp#27;[32m&amp#27;[1m"English"&amp#27;[0m&amp#27;[32m &amp#27;[0m&amp#27;[32m&amp#27;[1m"World cross center"&amp#27;[0m       &amp#27;[90m# stepDefinations.StepDefination.add_Place_Payload_with(java.lang.String,java.lang.String,java.lang.String)&amp#27;[0m
/maps/api/place/add/json
  &amp#27;[32mWhen &amp#27;[0m&amp#27;[32muser calls &amp#27;[0m&amp#27;[32m&amp#27;[1m"AddPlaceAPI"&amp#27;[0m&amp#27;[32m with &amp#27;[0m&amp#27;[32m&amp#27;[1m"POST"&amp#27;[0m&amp#27;[32m http request&amp#27;[0m                       &amp#27;[90m# stepDefinations.StepDefination.user_calls_with_http_request(java.lang.String,java.lang.String)&amp#27;[0m
  &amp#27;[32mThen &amp#27;[0m&amp#27;[32mthe API call got success with status code &amp#27;[0m&amp#27;[32m&amp#27;[1m200&amp#27;[0m                           &amp#27;[90m# stepDefinations.StepDefination.the_API_call_got_success_with_status_code(java.lang.Integer)&amp#27;[0m
  &amp#27;[32mAnd &amp#27;[0m&amp#27;[32m&amp#27;[0m&amp#27;[32m&amp#27;[1m"status"&amp#27;[0m&amp#27;[32m in response body is &amp#27;[0m&amp#27;[32m&amp#27;[1m"OK"&amp#27;[0m                                        &amp#27;[90m# stepDefinations.StepDefination.in_response_body_is(java.lang.String,java.lang.String)&amp#27;[0m
  &amp#27;[32mAnd &amp#27;[0m&amp#27;[32m&amp#27;[0m&amp#27;[32m&amp#27;[1m"scope"&amp#27;[0m&amp#27;[32m in response body is &amp#27;[0m&amp#27;[32m&amp#27;[1m"APP"&amp#27;[0m                                        &amp#27;[90m# stepDefinations.StepDefination.in_response_body_is(java.lang.String,java.lang.String)&amp#27;[0m
/maps/api/place/get/json
  &amp#27;[32mAnd &amp#27;[0m&amp#27;[32mverify place_Id created maps to &amp#27;[0m&amp#27;[32m&amp#27;[1m"AAhouse"&amp#27;[0m&amp#27;[32m using &amp#27;[0m&amp#27;[32m&amp#27;[1m"getPlaceAPI"&amp#27;[0m            &amp#27;[90m# stepDefinations.StepDefination.verify_place_Id_created_maps_to_using(java.lang.String,java.lang.String)&amp#27;[0m
]]></system-out>
    <system-err><![CDATA[Jun 28, 2024 11:13:00 AM io.cucumber.core.options.CucumberPropertiesParser lambda$warnWhenCucumberOptionsIsUsed$2
WARNING: Passing commandline options via the property 'cucumber.options' is no longer supported. Please use individual properties instead. See the java doc on io.cucumber.core.options.Constants for details.
]]></system-err>
  </testcase>
  <testcase name="Verify if Delete Place functionality is working" classname="Validating Place API&apos;s" time="1.212">
    <system-out><![CDATA[
@DeletePlace @Regression
Scenario: Verify if Delete Place functionality is working   &amp#27;[90m# src/test/java/features/placeValidations.feature:17&amp#27;[0m
  &amp#27;[32mGiven &amp#27;[0m&amp#27;[32mDeletePlace Payload&amp#27;[0m                                 &amp#27;[90m# stepDefinations.StepDefination.deleteplace_Payload()&amp#27;[0m
/maps/api/place/delete/json
  &amp#27;[32mWhen &amp#27;[0m&amp#27;[32muser calls &amp#27;[0m&amp#27;[32m&amp#27;[1m"deletePlaceAPI"&amp#27;[0m&amp#27;[32m with &amp#27;[0m&amp#27;[32m&amp#27;[1m"POST"&amp#27;[0m&amp#27;[32m http request&amp#27;[0m &amp#27;[90m# stepDefinations.StepDefination.user_calls_with_http_request(java.lang.String,java.lang.String)&amp#27;[0m
  &amp#27;[32mThen &amp#27;[0m&amp#27;[32mthe API call got success with status code &amp#27;[0m&amp#27;[32m&amp#27;[1m200&amp#27;[0m        &amp#27;[90m# stepDefinations.StepDefination.the_API_call_got_success_with_status_code(java.lang.Integer)&amp#27;[0m
  &amp#27;[32mAnd &amp#27;[0m&amp#27;[32m&amp#27;[0m&amp#27;[32m&amp#27;[1m"status"&amp#27;[0m&amp#27;[32m in response body is &amp#27;[0m&amp#27;[32m&amp#27;[1m"OK"&amp#27;[0m                     &amp#27;[90m# stepDefinations.StepDefination.in_response_body_is(java.lang.String,java.lang.String)&amp#27;[0m
]]></system-out>
  </testcase>
</testsuite>